error: Error status code 400 was captured! status text: Bad Request, message: Bad Request {"service":"express-d90375-service"}
error: Error status code 400 was captured! status text: Bad Request, message: Bad Request {"service":"express-d90375-service"}
error: Error status code 404 was captured! status text: Not Found, message: User not found. {"service":"express-d90375-service"}
error: Error status code 404 was captured! status text: Not Found, message: Board not found. {"service":"express-d90375-service"}
error: Error status code 404 was captured! status text: Not Found, message: Tasks not found. {"service":"express-d90375-service"}
error: Error status code 404 was captured! status text: Not Found, message: Tasks not found. {"service":"express-d90375-service"}
error: Error status code 404 was captured! status text: Not Found, message: Tasks not found. {"service":"express-d90375-service"}
error: Error status code 404 was captured! status text: Not Found, message: Tasks not found. {"service":"express-d90375-service"}
error: Error status code 404 was captured! status text: Not Found, message: Tasks not found. {"service":"express-d90375-service"}
error: Error status code 404 was captured! status text: Not Found, message: Tasks not found. {"service":"express-d90375-service"}
error: captured error: UncaughtException!, point in code: (D:\NODEJS\src\server.js:18:9) {"service":"express-d90375-service"}
error: Unhandled Rejection, reason: Error: UnhandledRejection! {"service":"express-d90375-service"}
error: captured error: UncaughtException! {"service":"express-d90375-service"}
error: captured error: Unexpected token o in JSON at position 1 {"service":"express-d90375-service"}
error: captured error: Unexpected token o in JSON at position 1 {"service":"express-d90375-service"}
error: captured error: Unexpected token o in JSON at position 1 {"service":"express-d90375-service"}
error: captured error: Unexpected token o in JSON at position 1 {"service":"express-d90375-service"}
error: Error status code 400 - Status text: Bad Request - Message: Unexpected token " in JSON at position 3 {"service":"express-d90375-service"}
error: captured error: users.queueCb is not a function {"service":"express-d90375-service"}
error: captured error: Unexpected token o in JSON at position 1 {"service":"express-d90375-service"}
error: Error status code 400 - Status text: Bad Request - Message: Unexpected token " in JSON at position 3 {"service":"express-d90375-service"}
error: Error status code 400 - Status text: Bad Request - Message: Unexpected token " in JSON at position 3 {"service":"express-d90375-service"}
error: Error status code 400 - Status text: Bad Request - Message: Unexpected token " in JSON at position 3 {"service":"express-d90375-service"}
error: Error status code 400 - Status text: Bad Request - Message: Unexpected token " in JSON at position 3 {"service":"express-d90375-service"}
error: Error status code 400 - Status text: Bad Request - Message: Unexpected token " in JSON at position 3 {"service":"express-d90375-service"}
error: Error status code 400 - Status text: Bad Request - Message: Unexpected token " in JSON at position 3 {"service":"express-d90375-service"}
error: Error status code 400 - Status text: Bad Request - Message: Unexpected token " in JSON at position 3 {"service":"express-d90375-service"}
error: Error status code 400 - Status text: Bad Request - Message: Unexpected token " in JSON at position 3 {"service":"express-d90375-service"}
error: Error status code 400 - Status text: Bad Request - Message: Unexpected token " in JSON at position 3 {"service":"express-d90375-service"}
error: Error status code 400 - Status text: Bad Request - Message: Unexpected token " in JSON at position 3 {"service":"express-d90375-service"}
error: Error status code 500 - Status text: Server Error - Message: Server Error {"service":"express-d90375-service"}
error: Error status code 500 - Status text: Server Error - Message: Server Error {"service":"express-d90375-service"}
error: Error status code 500 - Status text: Server Error - Message: Server Error {"service":"express-d90375-service"}
error: captured error: user.save is not a function {"service":"express-d90375-service"}
error: Unhandled Rejection, reason: MongoError: Cannot create collection test.users - database is in the process of being dropped. {"service":"express-d90375-service"}
error: Unhandled Rejection, reason: MongoError: Cannot create collection test.users - database is in the process of being dropped. {"service":"express-d90375-service"}
error: Unhandled Rejection, reason: MongoError: E11000 duplicate key error collection: test.users index: _id_ dup key: { _id: "57260bd3-d095-4c5d-b873-06dcc85afe6e" } {"service":"express-d90375-service"}
error: Unhandled Rejection, reason: MongoError: E11000 duplicate key error collection: test.users index: _id_ dup key: { _id: "57260bd3-d095-4c5d-b873-06dcc85afe6e" } {"service":"express-d90375-service"}
error: Unhandled Rejection, reason: MongoError: Cannot create collection test.users - database is in the process of being dropped. {"service":"express-d90375-service"}
error: Unhandled Rejection, reason: MongoError: E11000 duplicate key error collection: test.users index: _id_ dup key: { _id: "c565e73e-8a15-4d7a-b662-25bc0bcad8f6" } {"service":"express-d90375-service"}
error: Unhandled Rejection, reason: MongoError: E11000 duplicate key error collection: test.users index: _id_ dup key: { _id: "14dc2dca-cd50-4b79-9baa-543a1666c6b2" } {"service":"express-d90375-service"}
error: Unhandled Rejection, reason: MongoError: E11000 duplicate key error collection: test.users index: _id_ dup key: { _id: "fd8d6786-430f-4290-a5cd-4778de934095" } {"service":"express-d90375-service"}
error: Unhandled Rejection, reason: MongoError: E11000 duplicate key error collection: test.users index: _id_ dup key: { _id: "309dbe32-31f2-433e-97c2-a0c64d7e1886" } {"service":"express-d90375-service"}
error: Unhandled Rejection, reason: MongoError: E11000 duplicate key error collection: test.users index: _id_ dup key: { _id: "220326cc-673f-4192-ac57-60ca9ae29bd4" } {"service":"express-d90375-service"}
error: Unhandled Rejection, reason: MongoError: E11000 duplicate key error collection: test.users index: _id_ dup key: { _id: "9b16dfc0-4565-4998-9932-9d31c2687cb4" } {"service":"express-d90375-service"}
error: captured error: Invalid `path`. Must be either string or array {"service":"express-d90375-service"}
error: captured error: Invalid `path`. Must be either string or array {"service":"express-d90375-service"}
error: captured error: Invalid `path`. Must be either string or array {"service":"express-d90375-service"}
error: Unhandled Rejection, reason: MongoError: E11000 duplicate key error collection: test.users index: _id_ dup key: { _id: "3a9f7103-9ac2-4ef6-8942-ea93a53acd0d" } {"service":"express-d90375-service"}
error: Unhandled Rejection, reason: MongooseError: document must have an _id before saving {"service":"express-d90375-service"}
error: Unhandled Rejection, reason: MongoError: E11000 duplicate key error collection: test.users index: _id_ dup key: { _id: "c3f6c559-5c48-40ad-b98c-6509e8af6fa4" } {"service":"express-d90375-service"}
error: Unhandled Rejection, reason: MongoError: Cannot create collection test.users - database is in the process of being dropped. {"service":"express-d90375-service"}
error: captured error: user.save is not a function {"service":"express-d90375-service"}
error: Unhandled Rejection, reason: MongoError: E11000 duplicate key error collection: test.users index: _id_ dup key: { _id: "562f7921-9550-4343-a537-733030a6f457" } {"service":"express-d90375-service"}
error: Unhandled Rejection, reason: MongoError: Cannot create collection test.users - database is in the process of being dropped. {"service":"express-d90375-service"}
error: Unhandled Rejection, reason: MongoError: Cannot create collection test.users - database is in the process of being dropped. {"service":"express-d90375-service"}
error: captured error: Invalid `path`. Must be either string or array {"service":"express-d90375-service"}
error: Error status code 400 - Status text: Bad Request - Message: Unexpected token " in JSON at position 3 {"service":"express-d90375-service"}
error: Error status code 400 - Status text: Bad Request - Message: Unexpected token " in JSON at position 3 {"service":"express-d90375-service"}
error: Error status code 400 - Status text: Bad Request - Message: Unexpected token " in JSON at position 3 {"service":"express-d90375-service"}
error: Error status code 400 - Status text: Bad Request - Message: Unexpected token " in JSON at position 3 {"service":"express-d90375-service"}
error: Error status code 400 - Status text: Bad Request - Message: Unexpected token " in JSON at position 3 {"service":"express-d90375-service"}
error: Error status code 500 - Status text: Server Error - Message: Unable create user. {"service":"express-d90375-service"}
error: Error status code 500 - Status text: Server Error - Message: Unable create user. {"service":"express-d90375-service"}
error: Error status code 500 - Status text: Server Error - Message: E11000 duplicate key error collection: test.users index: _id_ dup key: { _id: "be3d6ec2-8c3a-402d-9287-7763b2841177" } {"service":"express-d90375-service"}
error: Error status code 500 - Status text: Server Error - Message: E11000 duplicate key error collection: test.users index: _id_ dup key: { _id: "be3d6ec2-8c3a-402d-9287-7763b2841177" } {"service":"express-d90375-service"}
error: Error status code 404 - Status text: Not Found - Message: User not found. {"service":"express-d90375-service"}
error: Error status code 500 - Status text: Server Error - Message: E11000 duplicate key error collection: test.users index: _id_ dup key: { _id: "be3d6ec2-8c3a-402d-9287-7763b2841177" } {"service":"express-d90375-service"}
error: Error status code 404 - Status text: Not Found - Message: User not found. {"service":"express-d90375-service"}
error: Error status code 500 - Status text: Server Error - Message: E11000 duplicate key error collection: test.users index: _id_ dup key: { _id: "be3d6ec2-8c3a-402d-9287-7763b2841177" } {"service":"express-d90375-service"}
error: Error status code 500 - Status text: Server Error - Message: E11000 duplicate key error collection: test.users index: _id_ dup key: { _id: "be3d6ec2-8c3a-402d-9287-7763b2841177" } {"service":"express-d90375-service"}
error: Unhandled Rejection, reason: MongoError: E11000 duplicate key error collection: test.users index: _id_ dup key: { _id: "252e5bec-90b3-4212-9e98-cadadffa71a6" } {"service":"express-d90375-service"}
error: Error status code 500 - Status text: Server Error - Message: E11000 duplicate key error collection: test.users index: _id_ dup key: { _id: "967d57b6-93ae-4c95-a9d3-336bf6096ddc" } {"service":"express-d90375-service"}
error: Error status code 500 - Status text: Server Error - Message: E11000 duplicate key error collection: test.users index: _id_ dup key: { _id: "967d57b6-93ae-4c95-a9d3-336bf6096ddc" } {"service":"express-d90375-service"}
error: Error status code 404 - Status text: Not Found - Message: User not found. {"service":"express-d90375-service"}
error: Error status code 500 - Status text: Server Error - Message: E11000 duplicate key error collection: test.users index: _id_ dup key: { _id: "967d57b6-93ae-4c95-a9d3-336bf6096ddc" } {"service":"express-d90375-service"}
error: Error status code 404 - Status text: Not Found - Message: User not found. {"service":"express-d90375-service"}
error: Error status code 500 - Status text: Server Error - Message: E11000 duplicate key error collection: test.users index: _id_ dup key: { _id: "967d57b6-93ae-4c95-a9d3-336bf6096ddc" } {"service":"express-d90375-service"}
error: Error status code 500 - Status text: Server Error - Message: E11000 duplicate key error collection: test.users index: _id_ dup key: { _id: "967d57b6-93ae-4c95-a9d3-336bf6096ddc" } {"service":"express-d90375-service"}
error: Error status code 500 - Status text: Server Error - Message: E11000 duplicate key error collection: test.users index: _id_ dup key: { _id: "83e4b282-492d-4f77-bc7c-b9a08d15903d" } {"service":"express-d90375-service"}
error: Error status code 500 - Status text: Server Error - Message: E11000 duplicate key error collection: test.users index: _id_ dup key: { _id: "83e4b282-492d-4f77-bc7c-b9a08d15903d" } {"service":"express-d90375-service"}
error: Error status code 500 - Status text: Server Error - Message: E11000 duplicate key error collection: test.users index: _id_ dup key: { _id: "83e4b282-492d-4f77-bc7c-b9a08d15903d" } {"service":"express-d90375-service"}
error: Error status code 404 - Status text: Not Found - Message: User not found. {"service":"express-d90375-service"}
error: Error status code 500 - Status text: Server Error - Message: E11000 duplicate key error collection: test.users index: _id_ dup key: { _id: "83e4b282-492d-4f77-bc7c-b9a08d15903d" } {"service":"express-d90375-service"}
error: Error status code 404 - Status text: Not Found - Message: User not found. {"service":"express-d90375-service"}
error: Error status code 500 - Status text: Server Error - Message: E11000 duplicate key error collection: test.users index: _id_ dup key: { _id: "83e4b282-492d-4f77-bc7c-b9a08d15903d" } {"service":"express-d90375-service"}
error: Error status code 400 - Status text: Bad Request - Message: Unexpected token ' in JSON at position 8 {"service":"express-d90375-service"}
error: Error status code 500 - Status text: Server Error - Message: E11000 duplicate key error collection: test.users index: _id_ dup key: { _id: "83e4b282-492d-4f77-bc7c-b9a08d15903d" } {"service":"express-d90375-service"}
error: Error status code 500 - Status text: Server Error - Message: E11000 duplicate key error collection: test.users index: _id_ dup key: { _id: "2ec0f50c-a92e-495c-ba63-28b1c9fa8b0f" } {"service":"express-d90375-service"}
error: Error status code 500 - Status text: Server Error - Message: E11000 duplicate key error collection: test.users index: _id_ dup key: { _id: "2ec0f50c-a92e-495c-ba63-28b1c9fa8b0f" } {"service":"express-d90375-service"}
error: Error status code 500 - Status text: Server Error - Message: E11000 duplicate key error collection: test.users index: _id_ dup key: { _id: "2ec0f50c-a92e-495c-ba63-28b1c9fa8b0f" } {"service":"express-d90375-service"}
error: Error status code 404 - Status text: Not Found - Message: User not found. {"service":"express-d90375-service"}
error: Error status code 500 - Status text: Server Error - Message: E11000 duplicate key error collection: test.users index: _id_ dup key: { _id: "2ec0f50c-a92e-495c-ba63-28b1c9fa8b0f" } {"service":"express-d90375-service"}
error: Error status code 404 - Status text: Not Found - Message: User not found. {"service":"express-d90375-service"}
error: Error status code 500 - Status text: Server Error - Message: E11000 duplicate key error collection: test.users index: _id_ dup key: { _id: "2ec0f50c-a92e-495c-ba63-28b1c9fa8b0f" } {"service":"express-d90375-service"}
error: Error status code 500 - Status text: Server Error - Message: E11000 duplicate key error collection: test.users index: _id_ dup key: { _id: "01c0d847-8925-414c-8d04-5ae44150e58f" } {"service":"express-d90375-service"}
error: Error status code 500 - Status text: Server Error - Message: E11000 duplicate key error collection: test.users index: _id_ dup key: { _id: "01c0d847-8925-414c-8d04-5ae44150e58f" } {"service":"express-d90375-service"}
error: Error status code 500 - Status text: Server Error - Message: E11000 duplicate key error collection: test.users index: _id_ dup key: { _id: "d90b5119-66d0-4482-ad50-12d69c957818" } {"service":"express-d90375-service"}
error: Error status code 500 - Status text: Server Error - Message: E11000 duplicate key error collection: test.users index: _id_ dup key: { _id: "d90b5119-66d0-4482-ad50-12d69c957818" } {"service":"express-d90375-service"}
error: Error status code 500 - Status text: Server Error - Message: E11000 duplicate key error collection: test.users index: _id_ dup key: { _id: "d90b5119-66d0-4482-ad50-12d69c957818" } {"service":"express-d90375-service"}
error: Error status code 404 - Status text: Not Found - Message: User not found. {"service":"express-d90375-service"}
error: Error status code 500 - Status text: Server Error - Message: E11000 duplicate key error collection: test.users index: _id_ dup key: { _id: "d90b5119-66d0-4482-ad50-12d69c957818" } {"service":"express-d90375-service"}
error: Error status code 404 - Status text: Not Found - Message: User not found. {"service":"express-d90375-service"}
error: Error status code 500 - Status text: Server Error - Message: E11000 duplicate key error collection: test.users index: _id_ dup key: { _id: "d90b5119-66d0-4482-ad50-12d69c957818" } {"service":"express-d90375-service"}
error: Error status code 400 - Status text: Bad Request - Message:  {"service":"express-d90375-service"}
error: Error status code 500 - Status text: Server Error - Message: E11000 duplicate key error collection: test.users index: _id_ dup key: { _id: "502df3a1-b0b3-4dc6-98d1-ca1c59dd8f33" } {"service":"express-d90375-service"}
error: Error status code 500 - Status text: Server Error - Message: E11000 duplicate key error collection: test.users index: _id_ dup key: { _id: "502df3a1-b0b3-4dc6-98d1-ca1c59dd8f33" } {"service":"express-d90375-service"}
error: Error status code 404 - Status text: Not Found - Message: User not found. {"service":"express-d90375-service"}
error: Error status code 500 - Status text: Server Error - Message: E11000 duplicate key error collection: test.users index: _id_ dup key: { _id: "502df3a1-b0b3-4dc6-98d1-ca1c59dd8f33" } {"service":"express-d90375-service"}
error: Error status code 404 - Status text: Not Found - Message: User not found. {"service":"express-d90375-service"}
error: Error status code 500 - Status text: Server Error - Message: E11000 duplicate key error collection: test.users index: _id_ dup key: { _id: "502df3a1-b0b3-4dc6-98d1-ca1c59dd8f33" } {"service":"express-d90375-service"}
error: Error status code 400 - Status text: Bad Request - Message:  {"service":"express-d90375-service"}
error: Error status code 400 - Status text: Bad Request - Message:  {"service":"express-d90375-service"}
error: Error status code 400 - Status text: Bad Request - Message:  {"service":"express-d90375-service"}
error: Error status code 400 - Status text: Bad Request - Message:  {"service":"express-d90375-service"}
error: Error status code 400 - Status text: Bad Request - Message:  {"service":"express-d90375-service"}
error: Error status code 400 - Status text: Bad Request - Message:  {"service":"express-d90375-service"}
error: Error status code 400 - Status text: Bad Request - Message:  {"service":"express-d90375-service"}
error: Error status code 400 - Status text: Bad Request - Message:  {"service":"express-d90375-service"}
error: Error status code 400 - Status text: Bad Request - Message:  {"service":"express-d90375-service"}
error: Error status code 400 - Status text: Bad Request - Message: Unexpected string in JSON at position 30 {"service":"express-d90375-service"}
error: Error status code 400 - Status text: Bad Request - Message: Unexpected string in JSON at position 57 {"service":"express-d90375-service"}
error: Error status code 400 - Status text: Bad Request - Message: Unexpected string in JSON at position 57 {"service":"express-d90375-service"}
error: Error status code 400 - Status text: Bad Request - Message:  {"service":"express-d90375-service"}
error: Error status code 500 - Status text: Server Error - Message: E11000 duplicate key error collection: test.users index: _id_ dup key: { _id: "8872e628-4981-4379-9cfe-2aafc74b16ff" } {"service":"express-d90375-service"}
error: Error status code 500 - Status text: Server Error - Message: E11000 duplicate key error collection: test.users index: _id_ dup key: { _id: "8872e628-4981-4379-9cfe-2aafc74b16ff" } {"service":"express-d90375-service"}
error: Error status code 404 - Status text: Not Found - Message: User not found. {"service":"express-d90375-service"}
error: Error status code 500 - Status text: Server Error - Message: E11000 duplicate key error collection: test.users index: _id_ dup key: { _id: "8872e628-4981-4379-9cfe-2aafc74b16ff" } {"service":"express-d90375-service"}
error: Error status code 404 - Status text: Not Found - Message: User not found. {"service":"express-d90375-service"}
error: Error status code 500 - Status text: Server Error - Message: E11000 duplicate key error collection: test.users index: _id_ dup key: { _id: "8872e628-4981-4379-9cfe-2aafc74b16ff" } {"service":"express-d90375-service"}
error: Error status code 400 - Status text: Bad Request - Message:  {"service":"express-d90375-service"}
error: Error status code 500 - Status text: Server Error - Message: E11000 duplicate key error collection: test.users index: _id_ dup key: { _id: "bea29b4a-63d8-46ca-af21-1617b7d390f5" } {"service":"express-d90375-service"}
error: Error status code 500 - Status text: Server Error - Message: E11000 duplicate key error collection: test.users index: _id_ dup key: { _id: "bea29b4a-63d8-46ca-af21-1617b7d390f5" } {"service":"express-d90375-service"}
error: Error status code 404 - Status text: Not Found - Message: User not found. {"service":"express-d90375-service"}
error: Error status code 500 - Status text: Server Error - Message: E11000 duplicate key error collection: test.users index: _id_ dup key: { _id: "bea29b4a-63d8-46ca-af21-1617b7d390f5" } {"service":"express-d90375-service"}
error: Error status code 404 - Status text: Not Found - Message: User not found. {"service":"express-d90375-service"}
error: Error status code 500 - Status text: Server Error - Message: E11000 duplicate key error collection: test.users index: _id_ dup key: { _id: "bea29b4a-63d8-46ca-af21-1617b7d390f5" } {"service":"express-d90375-service"}
error: Unhandled Rejection, reason: MongoError: Cannot create collection test.users - database is in the process of being dropped. {"service":"express-d90375-service"}
error: Error status code 400 - Status text: Bad Request - Message:  {"service":"express-d90375-service"}
error: Error status code 500 - Status text: Server Error - Message: E11000 duplicate key error collection: test.users index: _id_ dup key: { _id: "7a24d7ea-1d1d-4c99-981f-aa5697acbf6f" } {"service":"express-d90375-service"}
error: Error status code 500 - Status text: Server Error - Message: E11000 duplicate key error collection: test.users index: _id_ dup key: { _id: "7a24d7ea-1d1d-4c99-981f-aa5697acbf6f" } {"service":"express-d90375-service"}
error: Error status code 404 - Status text: Not Found - Message: User not found. {"service":"express-d90375-service"}
error: Error status code 500 - Status text: Server Error - Message: E11000 duplicate key error collection: test.users index: _id_ dup key: { _id: "7a24d7ea-1d1d-4c99-981f-aa5697acbf6f" } {"service":"express-d90375-service"}
error: Error status code 404 - Status text: Not Found - Message: User not found. {"service":"express-d90375-service"}
error: Error status code 500 - Status text: Server Error - Message: E11000 duplicate key error collection: test.users index: _id_ dup key: { _id: "7a24d7ea-1d1d-4c99-981f-aa5697acbf6f" } {"service":"express-d90375-service"}
error: Error status code 404 - Status text: Not Found - Message: User not found. {"service":"express-d90375-service"}
error: Error status code 400 - Status text: Bad Request - Message:  {"service":"express-d90375-service"}
error: Error status code 400 - Status text: Bad Request - Message:  {"service":"express-d90375-service"}
error: Error status code 400 - Status text: Bad Request - Message:  {"service":"express-d90375-service"}
error: Error status code 400 - Status text: Bad Request - Message:  {"service":"express-d90375-service"}
