{"message":"Error status code 400 - Status text: Bad Request - Message: Bad Request","level":"error","service":"express-d90375-service"}
{"message":"Error status code 400 - Status text: Bad Request - Message: Bad Request","level":"error","service":"express-d90375-service"}
{"message":"Error status code 400 - Status text: Bad Request - Message: Bad Request","level":"error","service":"express-d90375-service"}
{"message":"Error status code 400 - Status text: Bad Request - Message: Bad Request","level":"error","service":"express-d90375-service"}
{"message":"Error status code 400 - Status text: Bad Request - Message: Bad Request","level":"error","service":"express-d90375-service"}
{"message":"Error status code 400 - Status text: Bad Request - Message: Bad Request","level":"error","service":"express-d90375-service"}
{"message":"Error status code 500 - Status text: Server Error - Message: Unable update task.","level":"error","service":"express-d90375-service"}
{"message":"Error status code 400 - Status text: Bad Request - Message: Bad Request","level":"error","service":"express-d90375-service"}
{"message":"Error status code 500 - Status text: Server Error - Message: cosnole is not defined","level":"error","service":"express-d90375-service"}
{"message":"Error status code 500 - Status text: Server Error - Message: cosnole is not defined","level":"error","service":"express-d90375-service"}
{"message":"Error status code 500 - Status text: Server Error - Message: Unable update task.","level":"error","service":"express-d90375-service"}
{"message":"Error status code 500 - Status text: Server Error - Message: Unable update task.","level":"error","service":"express-d90375-service"}
{"message":"Error status code 400 - Status text: Bad Request - Message: Unexpected string in JSON at position 96","level":"error","service":"express-d90375-service"}
{"message":"Error status code 400 - Status text: Bad Request - Message: Unexpected string in JSON at position 96","level":"error","service":"express-d90375-service"}
{"message":"Error status code 400 - Status text: Bad Request - Message: Unexpected string in JSON at position 96","level":"error","service":"express-d90375-service"}
{"message":"Error status code 400 - Status text: Bad Request - Message: Unexpected string in JSON at position 95","level":"error","service":"express-d90375-service"}
{"message":"Error status code 400 - Status text: Bad Request - Message: Unexpected string in JSON at position 95","level":"error","service":"express-d90375-service"}
{"message":"Error status code 400 - Status text: Bad Request - Message: Unexpected string in JSON at position 95","level":"error","service":"express-d90375-service"}
{"message":"Error status code 400 - Status text: Bad Request - Message: Unexpected string in JSON at position 94","level":"error","service":"express-d90375-service"}
{"message":"Error status code 400 - Status text: Bad Request - Message: Unexpected string in JSON at position 93","level":"error","service":"express-d90375-service"}
{"message":"Error status code 404 - Status text: Not Found - Message: Board not found.","level":"error","service":"express-d90375-service"}
{"message":"Error status code 404 - Status text: Not Found - Message: Board not found.","level":"error","service":"express-d90375-service"}
{"message":"Error status code 404 - Status text: Not Found - Message: Board not found.","level":"error","service":"express-d90375-service"}
{"message":"Error status code 404 - Status text: Not Found - Message: Route was not found","level":"error","service":"express-d90375-service"}
{"message":"Error status code 404 - Status text: Not Found - Message: Route was not found","level":"error","service":"express-d90375-service"}
{"message":"Error status code 404 - Status text: Not Found - Message: Route was not found","level":"error","service":"express-d90375-service"}
{"message":"Error status code 404 - Status text: Not Found - Message: Route was not found","level":"error","service":"express-d90375-service"}
{"message":"Error status code 404 - Status text: Not Found - Message: Route was not found","level":"error","service":"express-d90375-service"}
{"message":"Error status code 404 - Status text: Not Found - Message: Board not found.","level":"error","service":"express-d90375-service"}
{"message":"Error status code 404 - Status text: Not Found - Message: Board not found.","level":"error","service":"express-d90375-service"}
{"message":"Error status code 404 - Status text: Not Found - Message: Board not found.","level":"error","service":"express-d90375-service"}
{"message":"Error status code 404 - Status text: Not Found - Message: Route was not found","level":"error","service":"express-d90375-service"}
{"message":"Error status code 404 - Status text: Not Found - Message: Route was not found","level":"error","service":"express-d90375-service"}
{"message":"Error status code 404 - Status text: Not Found - Message: Route was not found","level":"error","service":"express-d90375-service"}
{"message":"Error status code 404 - Status text: Not Found - Message: Route was not found","level":"error","service":"express-d90375-service"}
{"message":"Error status code 404 - Status text: Not Found - Message: Route was not found","level":"error","service":"express-d90375-service"}
{"message":"Error status code 404 - Status text: Not Found - Message: Board not found.","level":"error","service":"express-d90375-service"}
{"message":"Error status code 404 - Status text: Not Found - Message: Board not found.","level":"error","service":"express-d90375-service"}
{"message":"Error status code 404 - Status text: Not Found - Message: Board not found.","level":"error","service":"express-d90375-service"}
{"message":"Error status code 404 - Status text: Not Found - Message: Board not found.","level":"error","service":"express-d90375-service"}
{"message":"Error status code 404 - Status text: Not Found - Message: Board not found.","level":"error","service":"express-d90375-service"}
{"message":"Error status code 404 - Status text: Not Found - Message: Board not found.","level":"error","service":"express-d90375-service"}
{"message":"Error status code 404 - Status text: Not Found - Message: Board not found.","level":"error","service":"express-d90375-service"}
{"message":"Error status code 404 - Status text: Not Found - Message: Board not found.","level":"error","service":"express-d90375-service"}
{"message":"Error status code 404 - Status text: Not Found - Message: Board not found.","level":"error","service":"express-d90375-service"}
{"message":"Error status code 404 - Status text: Not Found - Message: Board not found.","level":"error","service":"express-d90375-service"}
{"message":"Error status code 404 - Status text: Not Found - Message: Board not found.","level":"error","service":"express-d90375-service"}
{"message":"Error status code 404 - Status text: Not Found - Message: Board not found.","level":"error","service":"express-d90375-service"}
{"message":"Error status code 404 - Status text: Not Found - Message: Route was not found","level":"error","service":"express-d90375-service"}
{"message":"Error status code 404 - Status text: Not Found - Message: Route was not found","level":"error","service":"express-d90375-service"}
{"message":"Error status code 404 - Status text: Not Found - Message: Route was not found","level":"error","service":"express-d90375-service"}
{"message":"Error status code 404 - Status text: Not Found - Message: Route was not found","level":"error","service":"express-d90375-service"}
{"message":"Error status code 404 - Status text: Not Found - Message: Route was not found","level":"error","service":"express-d90375-service"}
{"message":"Error status code 404 - Status text: Not Found - Message: Board not found.","level":"error","service":"express-d90375-service"}
{"message":"Error status code 404 - Status text: Not Found - Message: Board not found.","level":"error","service":"express-d90375-service"}
{"message":"Error status code 404 - Status text: Not Found - Message: Board not found.","level":"error","service":"express-d90375-service"}
{"message":"Error status code 404 - Status text: Not Found - Message: Route was not found","level":"error","service":"express-d90375-service"}
{"message":"Error status code 404 - Status text: Not Found - Message: Route was not found","level":"error","service":"express-d90375-service"}
{"message":"Error status code 404 - Status text: Not Found - Message: Route was not found","level":"error","service":"express-d90375-service"}
{"message":"Error status code 404 - Status text: Not Found - Message: Route was not found","level":"error","service":"express-d90375-service"}
{"message":"Error status code 404 - Status text: Not Found - Message: Route was not found","level":"error","service":"express-d90375-service"}
{"message":"Error status code 404 - Status text: Not Found - Message: Board not found.","level":"error","service":"express-d90375-service"}
{"message":"Error status code 404 - Status text: Not Found - Message: Board not found.","level":"error","service":"express-d90375-service"}
{"message":"Error status code 404 - Status text: Not Found - Message: Board not found.","level":"error","service":"express-d90375-service"}
{"message":"Error status code 404 - Status text: Not Found - Message: Route was not found","level":"error","service":"express-d90375-service"}
{"message":"Error status code 404 - Status text: Not Found - Message: Route was not found","level":"error","service":"express-d90375-service"}
{"message":"Error status code 404 - Status text: Not Found - Message: Route was not found","level":"error","service":"express-d90375-service"}
{"message":"Error status code 404 - Status text: Not Found - Message: Route was not found","level":"error","service":"express-d90375-service"}
{"message":"Error status code 404 - Status text: Not Found - Message: Route was not found","level":"error","service":"express-d90375-service"}
{"message":"Unhandled Rejection, reason: MongoError: E11000 duplicate key error collection: test.users index: _id_ dup key: { _id: \"49b957b0-61ea-4136-b123-e28580b207dc\" }","level":"error","service":"express-d90375-service"}
{"message":"Error status code 404 - Status text: Not Found - Message: Board not found.","level":"error","service":"express-d90375-service"}
{"message":"Unhandled Rejection, reason: MongoError: E11000 duplicate key error collection: test.users index: _id_ dup key: { _id: \"15134b36-f607-4094-9b4a-7bf272997bda\" }","level":"error","service":"express-d90375-service"}
{"message":"Unhandled Rejection, reason: MongoError: E11000 duplicate key error collection: test.users index: _id_ dup key: { _id: \"cea935eb-17d9-4424-81a3-32de72820d66\" }","level":"error","service":"express-d90375-service"}
{"message":"Error status code 404 - Status text: Not Found - Message: Board not found.","level":"error","service":"express-d90375-service"}
{"message":"Error status code 404 - Status text: Not Found - Message: Board not found.","level":"error","service":"express-d90375-service"}
{"message":"Error status code 404 - Status text: Not Found - Message: Route was not found","level":"error","service":"express-d90375-service"}
{"message":"Error status code 404 - Status text: Not Found - Message: Route was not found","level":"error","service":"express-d90375-service"}
{"message":"Error status code 404 - Status text: Not Found - Message: Route was not found","level":"error","service":"express-d90375-service"}
{"message":"Error status code 404 - Status text: Not Found - Message: Route was not found","level":"error","service":"express-d90375-service"}
{"message":"Error status code 404 - Status text: Not Found - Message: Route was not found","level":"error","service":"express-d90375-service"}
{"message":"Error status code 404 - Status text: Not Found - Message: Board not found.","level":"error","service":"express-d90375-service"}
{"message":"Error status code 404 - Status text: Not Found - Message: Board not found.","level":"error","service":"express-d90375-service"}
{"message":"Error status code 404 - Status text: Not Found - Message: Route was not found","level":"error","service":"express-d90375-service"}
{"message":"Error status code 404 - Status text: Not Found - Message: Route was not found","level":"error","service":"express-d90375-service"}
{"message":"Error status code 404 - Status text: Not Found - Message: Route was not found","level":"error","service":"express-d90375-service"}
{"message":"Error status code 404 - Status text: Not Found - Message: Route was not found","level":"error","service":"express-d90375-service"}
{"message":"Error status code 404 - Status text: Not Found - Message: Route was not found","level":"error","service":"express-d90375-service"}
{"message":"Error status code 500 - Status text: Server Error - Message: Performing an update on the path '_id' would modify the immutable field '_id'","level":"error","service":"express-d90375-service"}
{"message":"Error status code 500 - Status text: Server Error - Message: Performing an update on the path '_id' would modify the immutable field '_id'","level":"error","service":"express-d90375-service"}
{"message":"Error status code 500 - Status text: Server Error - Message: Performing an update on the path '_id' would modify the immutable field '_id'","level":"error","service":"express-d90375-service"}
{"message":"Unhandled Rejection, reason: MongoError: Cannot create collection test.users - database is in the process of being dropped.","level":"error","service":"express-d90375-service"}
{"message":"Unhandled Rejection, reason: MongoError: Cannot create collection test.users - database is in the process of being dropped.","level":"error","service":"express-d90375-service"}
{"message":"Error status code 404 - Status text: Not Found - Message: Board not found.","level":"error","service":"express-d90375-service"}
{"message":"Error status code 500 - Status text: Server Error - Message: Performing an update on the path '_id' would modify the immutable field '_id'","level":"error","service":"express-d90375-service"}
{"message":"Error status code 404 - Status text: Not Found - Message: Route was not found","level":"error","service":"express-d90375-service"}
{"message":"Error status code 404 - Status text: Not Found - Message: Board not found.","level":"error","service":"express-d90375-service"}
{"message":"Error status code 500 - Status text: Server Error - Message: Performing an update on the path '_id' would modify the immutable field '_id'","level":"error","service":"express-d90375-service"}
{"message":"Error status code 500 - Status text: Server Error - Message: Unable update task.","level":"error","service":"express-d90375-service"}
{"message":"Error status code 404 - Status text: Not Found - Message: Board not found.","level":"error","service":"express-d90375-service"}
{"message":"Error status code 404 - Status text: Not Found - Message: Board not found.","level":"error","service":"express-d90375-service"}
{"message":"Error status code 404 - Status text: Not Found - Message: Board not found.","level":"error","service":"express-d90375-service"}
{"message":"Error status code 404 - Status text: Not Found - Message: Route was not found","level":"error","service":"express-d90375-service"}
{"message":"Error status code 404 - Status text: Not Found - Message: Route was not found","level":"error","service":"express-d90375-service"}
{"message":"Error status code 404 - Status text: Not Found - Message: Route was not found","level":"error","service":"express-d90375-service"}
{"message":"Error status code 404 - Status text: Not Found - Message: Route was not found","level":"error","service":"express-d90375-service"}
{"message":"Error status code 404 - Status text: Not Found - Message: Route was not found","level":"error","service":"express-d90375-service"}
{"message":"Error status code 404 - Status text: Not Found - Message: Board not found.","level":"error","service":"express-d90375-service"}
{"message":"Error status code 404 - Status text: Not Found - Message: Board not found.","level":"error","service":"express-d90375-service"}
{"message":"Error status code 404 - Status text: Not Found - Message: Route was not found","level":"error","service":"express-d90375-service"}
{"message":"Error status code 404 - Status text: Not Found - Message: Route was not found","level":"error","service":"express-d90375-service"}
{"message":"Error status code 404 - Status text: Not Found - Message: Route was not found","level":"error","service":"express-d90375-service"}
{"message":"Error status code 404 - Status text: Not Found - Message: Route was not found","level":"error","service":"express-d90375-service"}
{"message":"Error status code 404 - Status text: Not Found - Message: Route was not found","level":"error","service":"express-d90375-service"}
{"message":"Error status code 404 - Status text: Not Found - Message: Board not found.","level":"error","service":"express-d90375-service"}
{"message":"Error status code 404 - Status text: Not Found - Message: Route was not found","level":"error","service":"express-d90375-service"}
{"message":"Error status code 404 - Status text: Not Found - Message: Route was not found","level":"error","service":"express-d90375-service"}
{"message":"Error status code 404 - Status text: Not Found - Message: Route was not found","level":"error","service":"express-d90375-service"}
{"message":"Error status code 404 - Status text: Not Found - Message: Route was not found","level":"error","service":"express-d90375-service"}
{"message":"Error status code 404 - Status text: Not Found - Message: Route was not found","level":"error","service":"express-d90375-service"}
{"message":"Error status code 404 - Status text: Not Found - Message: Board not found.","level":"error","service":"express-d90375-service"}
{"message":"Error status code 404 - Status text: Not Found - Message: Board not found.","level":"error","service":"express-d90375-service"}
{"message":"Error status code 404 - Status text: Not Found - Message: Route was not found","level":"error","service":"express-d90375-service"}
{"message":"Error status code 404 - Status text: Not Found - Message: Route was not found","level":"error","service":"express-d90375-service"}
{"message":"Error status code 404 - Status text: Not Found - Message: Route was not found","level":"error","service":"express-d90375-service"}
{"message":"Error status code 404 - Status text: Not Found - Message: Route was not found","level":"error","service":"express-d90375-service"}
{"message":"Error status code 404 - Status text: Not Found - Message: Route was not found","level":"error","service":"express-d90375-service"}
{"message":"Error status code 404 - Status text: Not Found - Message: Board not found.","level":"error","service":"express-d90375-service"}
{"message":"Error status code 404 - Status text: Not Found - Message: Board not found.","level":"error","service":"express-d90375-service"}
{"message":"Error status code 500 - Status text: Server Error - Message: Unable update task.","level":"error","service":"express-d90375-service"}
{"message":"Error status code 500 - Status text: Server Error - Message: Unable update task.","level":"error","service":"express-d90375-service"}
{"message":"Error status code 500 - Status text: Server Error - Message: Unable update task.","level":"error","service":"express-d90375-service"}
{"message":"Error status code 500 - Status text: Server Error - Message: Unable update task.","level":"error","service":"express-d90375-service"}
{"message":"Error status code 500 - Status text: Server Error - Message: Unable update task.","level":"error","service":"express-d90375-service"}
{"message":"Error status code 400 - Status text: Bad Request - Message: ","level":"error","service":"express-d90375-service"}
{"message":"Error status code 400 - Status text: Bad Request - Message: ","level":"error","service":"express-d90375-service"}
{"message":"Unhandled Rejection, reason: MongoError: Cannot create collection test.users - database is in the process of being dropped.","level":"error","service":"express-d90375-service"}
{"message":"Error status code 400 - Status text: Bad Request - Message: ","level":"error","service":"express-d90375-service"}
{"message":"Error status code 400 - Status text: Bad Request - Message: ","level":"error","service":"express-d90375-service"}
{"message":"Error status code 400 - Status text: Bad Request - Message: ","level":"error","service":"express-d90375-service"}
{"message":"Error status code 400 - Status text: Bad Request - Message: ","level":"error","service":"express-d90375-service"}
{"message":"Error status code 500 - Status text: Server Error - Message: Unable update task.","level":"error","service":"express-d90375-service"}
{"message":"Error status code 500 - Status text: Server Error - Message: Unable update task.","level":"error","service":"express-d90375-service"}
{"message":"Error status code 404 - Status text: Not Found - Message: Board not found.","level":"error","service":"express-d90375-service"}
{"message":"Error status code 404 - Status text: Not Found - Message: Route was not found","level":"error","service":"express-d90375-service"}
{"message":"Error status code 404 - Status text: Not Found - Message: Route was not found","level":"error","service":"express-d90375-service"}
{"message":"Error status code 404 - Status text: Not Found - Message: Route was not found","level":"error","service":"express-d90375-service"}
{"message":"Error status code 404 - Status text: Not Found - Message: Route was not found","level":"error","service":"express-d90375-service"}
{"message":"Error status code 404 - Status text: Not Found - Message: Route was not found","level":"error","service":"express-d90375-service"}
{"message":"Error status code 404 - Status text: Not Found - Message: Board not found.","level":"error","service":"express-d90375-service"}
{"message":"Error status code 404 - Status text: Not Found - Message: Route was not found","level":"error","service":"express-d90375-service"}
{"message":"Error status code 404 - Status text: Not Found - Message: Route was not found","level":"error","service":"express-d90375-service"}
{"message":"Error status code 404 - Status text: Not Found - Message: Route was not found","level":"error","service":"express-d90375-service"}
{"message":"Error status code 404 - Status text: Not Found - Message: Route was not found","level":"error","service":"express-d90375-service"}
{"message":"Error status code 404 - Status text: Not Found - Message: Route was not found","level":"error","service":"express-d90375-service"}
{"message":"Error status code 404 - Status text: Not Found - Message: Board not found.","level":"error","service":"express-d90375-service"}
{"message":"Unhandled Rejection, reason: MongoError: Cannot create collection test.users - database is in the process of being dropped.","level":"error","service":"express-d90375-service"}
{"message":"Unhandled Rejection, reason: MongoError: Cannot create collection test.users - database is in the process of being dropped.","level":"error","service":"express-d90375-service"}
{"message":"Unhandled Rejection, reason: MongoError: Cannot create collection test.users - database is in the process of being dropped.","level":"error","service":"express-d90375-service"}
{"message":"Error status code 404 - Status text: Not Found - Message: Route was not found","level":"error","service":"express-d90375-service"}
{"message":"Error status code 404 - Status text: Not Found - Message: Route was not found","level":"error","service":"express-d90375-service"}
{"message":"Error status code 404 - Status text: Not Found - Message: Route was not found","level":"error","service":"express-d90375-service"}
{"message":"Error status code 404 - Status text: Not Found - Message: Route was not found","level":"error","service":"express-d90375-service"}
{"message":"Error status code 404 - Status text: Not Found - Message: Route was not found","level":"error","service":"express-d90375-service"}
{"message":"Error status code 404 - Status text: Not Found - Message: Route was not found","level":"error","service":"express-d90375-service"}
{"message":"Error status code 404 - Status text: Not Found - Message: Route was not found","level":"error","service":"express-d90375-service"}
{"message":"Error status code 404 - Status text: Not Found - Message: Board not found.","level":"error","service":"express-d90375-service"}
{"message":"Error status code 404 - Status text: Not Found - Message: Route was not found","level":"error","service":"express-d90375-service"}
{"message":"Error status code 404 - Status text: Not Found - Message: Route was not found","level":"error","service":"express-d90375-service"}
{"message":"Error status code 404 - Status text: Not Found - Message: Route was not found","level":"error","service":"express-d90375-service"}
{"message":"Error status code 404 - Status text: Not Found - Message: Route was not found","level":"error","service":"express-d90375-service"}
{"message":"Error status code 404 - Status text: Not Found - Message: Route was not found","level":"error","service":"express-d90375-service"}
{"message":"Error status code 404 - Status text: Not Found - Message: Route was not found","level":"error","service":"express-d90375-service"}
{"message":"Error status code 404 - Status text: Not Found - Message: Route was not found","level":"error","service":"express-d90375-service"}
{"message":"Error status code 404 - Status text: Not Found - Message: Route was not found","level":"error","service":"express-d90375-service"}
{"message":"Error status code 404 - Status text: Not Found - Message: Route was not found","level":"error","service":"express-d90375-service"}
{"message":"Error status code 404 - Status text: Not Found - Message: Route was not found","level":"error","service":"express-d90375-service"}
{"message":"Error status code 404 - Status text: Not Found - Message: Route was not found","level":"error","service":"express-d90375-service"}
{"message":"Unhandled Rejection, reason: ReferenceError: id is not defined","level":"error","service":"express-d90375-service"}
{"message":"Unhandled Rejection, reason: MongoError: E11000 duplicate key error collection: test.users index: _id_ dup key: { _id: \"117e54e7-bd26-4cbb-a9ba-9a093d471064\" }","level":"error","service":"express-d90375-service"}
{"message":"Unhandled Rejection, reason: MongoError: E11000 duplicate key error collection: test.users index: _id_ dup key: { _id: \"426dcd22-cc30-4f70-8623-89bdf2ab18cf\" }","level":"error","service":"express-d90375-service"}
{"message":"Unhandled Rejection, reason: MongoError: E11000 duplicate key error collection: test.users index: _id_ dup key: { _id: \"5a3d5e49-1304-4ba9-a89a-cb0049651440\" }","level":"error","service":"express-d90375-service"}
{"message":"Unhandled Rejection, reason: ReferenceError: id is not defined","level":"error","service":"express-d90375-service"}
